<?xml version="1.0" encoding="UTF-8"?>
<!-- Generated by org.testng.reporters.JUnitReportReporter -->
<testsuite hostname="DESKTOP-R2QIAIR" failures="0" tests="1" name="com.qacart.todo.testcases.CreateNewAccountTest" time="9.669" errors="0" timestamp="2023-04-09T07:26:25 EET" skipped="0">
  <testcase classname="com.qacart.todo.testcases.CreateNewAccountTest" name="fillform" time="9.669"/>
  <system-out/>
</testsuite> <!-- com.qacart.todo.testcases.CreateNewAccountTest -->
