<?xml version="1.0" encoding="UTF-8"?>
<!-- Generated by org.testng.reporters.JUnitReportReporter -->
<testsuite hostname="DESKTOP-R2QIAIR" failures="0" tests="1" name="com.qacart.todo.testcases.LoginTest" time="3.942" errors="0" timestamp="2023-04-03T22:37:00 EET" skipped="0">
  <testcase classname="com.qacart.todo.testcases.LoginTest" name="ShouldBeAbleToLoginWthEmailAndPassword" time="3.942"/>
  <system-out/>
</testsuite> <!-- com.qacart.todo.testcases.LoginTest -->
