<?xml version="1.0" encoding="UTF-8"?>
<!-- Generated by org.testng.reporters.JUnitReportReporter -->
<testsuite hostname="DESKTOP-R2QIAIR" failures="0" tests="1" name="com.qacart.todo.testcases.TodoTest" time="18.246" errors="0" timestamp="2023-04-13T03:09:47 EET" skipped="0">
  <testcase classname="com.qacart.todo.testcases.TodoTest" name="AddTodo" time="18.246"/>
  <system-out/>
</testsuite> <!-- com.qacart.todo.testcases.TodoTest -->
